2025-01-28 06:24:15,987 WARNING database DDL Query made to DB:
create table `tabNetwork Printer Settings` (
			name varchar(140) primary key,
			creation datetime(6),
			modified datetime(6),
			modified_by varchar(140),
			owner varchar(140),
			docstatus int(1) not null default '0',
			idx int(8) not null default '0',
			`server_ip` varchar(140) default 'localhost',
`port` int(11) not null default 631,
`printer_name` varchar(140),
`_user_tags` text,
`_comments` text,
`_assign` text,
`_liked_by` text,
index modified(modified))
			ENGINE=InnoDB
			ROW_FORMAT=DYNAMIC
			CHARACTER SET=utf8mb4
			COLLATE=utf8mb4_unicode_ci
2025-01-28 06:24:16,179 WARNING database DDL Query made to DB:
create table `tabContact Email` (
			name varchar(140) primary key,
			creation datetime(6),
			modified datetime(6),
			modified_by varchar(140),
			owner varchar(140),
			docstatus int(1) not null default '0',
			idx int(8) not null default '0',
			`email_id` varchar(140),
`is_primary` int(1) not null default 0,
parent varchar(140),
parentfield varchar(140),
parenttype varchar(140),
index parent(parent))
			ENGINE=InnoDB
			ROW_FORMAT=DYNAMIC
			CHARACTER SET=utf8mb4
			COLLATE=utf8mb4_unicode_ci
2025-01-28 06:24:16,332 WARNING database DDL Query made to DB:
create table `tabAddress` (
			name varchar(140) primary key,
			creation datetime(6),
			modified datetime(6),
			modified_by varchar(140),
			owner varchar(140),
			docstatus int(1) not null default '0',
			idx int(8) not null default '0',
			`address_title` varchar(140),
`address_type` varchar(140),
`address_line1` varchar(240),
`address_line2` varchar(240),
`city` varchar(140),
`county` varchar(140),
`state` varchar(140),
`country` varchar(140),
`pincode` varchar(140),
`email_id` varchar(140),
`phone` varchar(140),
`fax` varchar(140),
`is_primary_address` int(1) not null default 0,
`is_shipping_address` int(1) not null default 0,
`disabled` int(1) not null default 0,
`_user_tags` text,
`_comments` text,
`_assign` text,
`_liked_by` text,
index `city`(`city`),
index `country`(`country`),
index `pincode`(`pincode`),
index modified(modified))
			ENGINE=InnoDB
			ROW_FORMAT=DYNAMIC
			CHARACTER SET=utf8mb4
			COLLATE=utf8mb4_unicode_ci
2025-01-28 06:24:16,426 WARNING database DDL Query made to DB:
create table `tabContact` (
			name varchar(140) primary key,
			creation datetime(6),
			modified datetime(6),
			modified_by varchar(140),
			owner varchar(140),
			docstatus int(1) not null default '0',
			idx int(8) not null default '0',
			`first_name` varchar(140),
`middle_name` varchar(140),
`last_name` varchar(140),
`full_name` varchar(140),
`email_id` varchar(140),
`user` varchar(140),
`address` varchar(140),
`sync_with_google_contacts` int(1) not null default 0,
`status` varchar(140) default 'Passive',
`salutation` varchar(140),
`designation` varchar(140),
`gender` varchar(140),
`phone` varchar(140),
`mobile_no` varchar(140),
`company_name` varchar(140),
`image` text,
`google_contacts` varchar(140),
`google_contacts_id` varchar(140),
`pulled_from_google_contacts` int(1) not null default 0,
`is_primary_contact` int(1) not null default 0,
`department` varchar(140),
`unsubscribed` int(1) not null default 0,
`_user_tags` text,
`_comments` text,
`_assign` text,
`_liked_by` text,
index `email_id`(`email_id`),
index modified(modified))
			ENGINE=InnoDB
			ROW_FORMAT=DYNAMIC
			CHARACTER SET=utf8mb4
			COLLATE=utf8mb4_unicode_ci
2025-01-28 06:24:16,489 WARNING database DDL Query made to DB:
create table `tabSalutation` (
			name varchar(140) primary key,
			creation datetime(6),
			modified datetime(6),
			modified_by varchar(140),
			owner varchar(140),
			docstatus int(1) not null default '0',
			idx int(8) not null default '0',
			`salutation` varchar(140) unique,
`_user_tags` text,
`_comments` text,
`_assign` text,
`_liked_by` text,
index modified(modified))
			ENGINE=InnoDB
			ROW_FORMAT=DYNAMIC
			CHARACTER SET=utf8mb4
			COLLATE=utf8mb4_unicode_ci
2025-01-28 06:24:16,534 WARNING database DDL Query made to DB:
create table `tabContact Phone` (
			name varchar(140) primary key,
			creation datetime(6),
			modified datetime(6),
			modified_by varchar(140),
			owner varchar(140),
			docstatus int(1) not null default '0',
			idx int(8) not null default '0',
			`phone` varchar(140),
`is_primary_phone` int(1) not null default 0,
`is_primary_mobile_no` int(1) not null default 0,
parent varchar(140),
parentfield varchar(140),
parenttype varchar(140),
index parent(parent))
			ENGINE=InnoDB
			ROW_FORMAT=DYNAMIC
			CHARACTER SET=utf8mb4
			COLLATE=utf8mb4_unicode_ci
2025-01-28 06:24:16,584 WARNING database DDL Query made to DB:
create table `tabAddress Template` (
			name varchar(140) primary key,
			creation datetime(6),
			modified datetime(6),
			modified_by varchar(140),
			owner varchar(140),
			docstatus int(1) not null default '0',
			idx int(8) not null default '0',
			`country` varchar(140) unique,
`is_default` int(1) not null default 0,
`template` longtext,
`_user_tags` text,
`_comments` text,
`_assign` text,
`_liked_by` text,
index modified(modified))
			ENGINE=InnoDB
			ROW_FORMAT=DYNAMIC
			CHARACTER SET=utf8mb4
			COLLATE=utf8mb4_unicode_ci
2025-01-28 06:24:16,648 WARNING database DDL Query made to DB:
create table `tabGender` (
			name varchar(140) primary key,
			creation datetime(6),
			modified datetime(6),
			modified_by varchar(140),
			owner varchar(140),
			docstatus int(1) not null default '0',
			idx int(8) not null default '0',
			`gender` varchar(140) unique,
`_user_tags` text,
`_comments` text,
`_assign` text,
`_liked_by` text,
index modified(modified))
			ENGINE=InnoDB
			ROW_FORMAT=DYNAMIC
			CHARACTER SET=utf8mb4
			COLLATE=utf8mb4_unicode_ci
2025-01-28 06:24:16,761 WARNING database DDL Query made to DB:
create table `tabEnergy Point Log` (
			name varchar(140) primary key,
			creation datetime(6),
			modified datetime(6),
			modified_by varchar(140),
			owner varchar(140),
			docstatus int(1) not null default '0',
			idx int(8) not null default '0',
			`user` varchar(140),
`type` varchar(140),
`points` int(11) not null default 0,
`rule` varchar(140),
`reference_doctype` varchar(140),
`reference_name` varchar(140),
`reverted` int(1) not null default 0,
`revert_of` varchar(140),
`reason` text,
`seen` int(1) not null default 0,
`_user_tags` text,
`_comments` text,
`_assign` text,
`_liked_by` text,
index `user`(`user`),
index `reference_name`(`reference_name`),
index modified(modified))
			ENGINE=InnoDB
			ROW_FORMAT=DYNAMIC
			CHARACTER SET=utf8mb4
			COLLATE=utf8mb4_unicode_ci
2025-01-28 06:24:16,931 WARNING database DDL Query made to DB:
create table `tabEnergy Point Rule` (
			name varchar(140) primary key,
			creation datetime(6),
			modified datetime(6),
			modified_by varchar(140),
			owner varchar(140),
			docstatus int(1) not null default '0',
			idx int(8) not null default '0',
			`enabled` int(1) not null default 1,
`rule_name` varchar(140) unique,
`reference_doctype` varchar(140),
`for_doc_event` varchar(140) default 'Custom',
`field_to_check` varchar(140),
`points` int(11) not null default 0,
`for_assigned_users` int(1) not null default 0,
`user_field` varchar(140),
`multiplier_field` varchar(140),
`max_points` int(11) not null default 0,
`apply_only_once` int(1) not null default 0,
`condition` longtext,
`_user_tags` text,
`_comments` text,
`_assign` text,
`_liked_by` text,
index modified(modified))
			ENGINE=InnoDB
			ROW_FORMAT=DYNAMIC
			CHARACTER SET=utf8mb4
			COLLATE=utf8mb4_unicode_ci
2025-01-28 06:24:16,980 WARNING database DDL Query made to DB:
create table `tabReview Level` (
			name varchar(140) primary key,
			creation datetime(6),
			modified datetime(6),
			modified_by varchar(140),
			owner varchar(140),
			docstatus int(1) not null default '0',
			idx int(8) not null default '0',
			`level_name` varchar(140) unique,
`role` varchar(140) unique,
`review_points` int(11) not null default 0,
parent varchar(140),
parentfield varchar(140),
parenttype varchar(140),
index parent(parent))
			ENGINE=InnoDB
			ROW_FORMAT=DYNAMIC
			CHARACTER SET=utf8mb4
			COLLATE=utf8mb4_unicode_ci
2025-01-28 06:24:17,023 WARNING database DDL Query made to DB:
create table `tabAssignment Rule User` (
			name varchar(140) primary key,
			creation datetime(6),
			modified datetime(6),
			modified_by varchar(140),
			owner varchar(140),
			docstatus int(1) not null default '0',
			idx int(8) not null default '0',
			`user` varchar(140),
parent varchar(140),
parentfield varchar(140),
parenttype varchar(140),
index parent(parent))
			ENGINE=InnoDB
			ROW_FORMAT=DYNAMIC
			CHARACTER SET=utf8mb4
			COLLATE=utf8mb4_unicode_ci
2025-01-28 06:24:17,164 WARNING database DDL Query made to DB:
create table `tabMilestone Tracker` (
			name varchar(140) primary key,
			creation datetime(6),
			modified datetime(6),
			modified_by varchar(140),
			owner varchar(140),
			docstatus int(1) not null default '0',
			idx int(8) not null default '0',
			`document_type` varchar(140) unique,
`track_field` varchar(140),
`disabled` int(1) not null default 0,
`_user_tags` text,
`_comments` text,
`_assign` text,
`_liked_by` text,
index modified(modified))
			ENGINE=InnoDB
			ROW_FORMAT=DYNAMIC
			CHARACTER SET=utf8mb4
			COLLATE=utf8mb4_unicode_ci
2025-01-28 06:24:17,225 WARNING database DDL Query made to DB:
create table `tabMilestone` (
			name varchar(140) primary key,
			creation datetime(6),
			modified datetime(6),
			modified_by varchar(140),
			owner varchar(140),
			docstatus int(1) not null default '0',
			idx int(8) not null default '0',
			`reference_type` varchar(140),
`reference_name` varchar(140),
`track_field` varchar(140),
`value` varchar(140),
`milestone_tracker` varchar(140),
`_user_tags` text,
`_comments` text,
`_assign` text,
`_liked_by` text,
index `reference_type`(`reference_type`),
index modified(modified))
			ENGINE=InnoDB
			ROW_FORMAT=DYNAMIC
			CHARACTER SET=utf8mb4
			COLLATE=utf8mb4_unicode_ci
2025-01-28 06:24:17,266 WARNING database DDL Query made to DB:
ALTER TABLE `tabMilestone`
				ADD INDEX `reference_type_reference_name_index`(reference_type, reference_name)
2025-01-28 06:24:17,309 WARNING database DDL Query made to DB:
create table `tabAssignment Rule` (
			name varchar(140) primary key,
			creation datetime(6),
			modified datetime(6),
			modified_by varchar(140),
			owner varchar(140),
			docstatus int(1) not null default '0',
			idx int(8) not null default '0',
			`document_type` varchar(140),
`due_date_based_on` varchar(140),
`priority` int(11) not null default 0,
`disabled` int(1) not null default 0,
`description` text default 'Automatic Assignment',
`assign_condition` longtext,
`unassign_condition` longtext,
`close_condition` longtext,
`rule` varchar(140),
`field` varchar(140),
`last_user` varchar(140),
`_user_tags` text,
`_comments` text,
`_assign` text,
`_liked_by` text,
index modified(modified))
			ENGINE=InnoDB
			ROW_FORMAT=DYNAMIC
			CHARACTER SET=utf8mb4
			COLLATE=utf8mb4_unicode_ci
2025-01-28 06:24:17,352 WARNING database DDL Query made to DB:
create table `tabAuto Repeat Day` (
			name varchar(140) primary key,
			creation datetime(6),
			modified datetime(6),
			modified_by varchar(140),
			owner varchar(140),
			docstatus int(1) not null default '0',
			idx int(8) not null default '0',
			`day` varchar(140),
parent varchar(140),
parentfield varchar(140),
parenttype varchar(140),
index parent(parent))
			ENGINE=InnoDB
			ROW_FORMAT=DYNAMIC
			CHARACTER SET=utf8mb4
			COLLATE=utf8mb4_unicode_ci
2025-01-28 06:24:17,397 WARNING database DDL Query made to DB:
create table `tabAssignment Rule Day` (
			name varchar(140) primary key,
			creation datetime(6),
			modified datetime(6),
			modified_by varchar(140),
			owner varchar(140),
			docstatus int(1) not null default '0',
			idx int(8) not null default '0',
			`day` varchar(140),
parent varchar(140),
parentfield varchar(140),
parenttype varchar(140),
index parent(parent))
			ENGINE=InnoDB
			ROW_FORMAT=DYNAMIC
			CHARACTER SET=utf8mb4
			COLLATE=utf8mb4_unicode_ci
2025-01-28 06:24:17,470 WARNING database DDL Query made to DB:
create table `tabReminder` (
			name varchar(140) primary key,
			creation datetime(6),
			modified datetime(6),
			modified_by varchar(140),
			owner varchar(140),
			docstatus int(1) not null default '0',
			idx int(8) not null default '0',
			`user` varchar(140),
`remind_at` datetime(6),
`description` text,
`reminder_doctype` varchar(140),
`reminder_docname` varchar(140),
`notified` int(1) not null default 0,
`_user_tags` text,
`_comments` text,
`_assign` text,
`_liked_by` text,
index `user`(`user`),
index `remind_at`(`remind_at`),
index modified(modified))
			ENGINE=InnoDB
			ROW_FORMAT=DYNAMIC
			CHARACTER SET=utf8mb4
			COLLATE=utf8mb4_unicode_ci
2025-01-28 06:24:17,553 WARNING database DDL Query made to DB:
create table `tabAuto Repeat` (
			name varchar(140) primary key,
			creation datetime(6),
			modified datetime(6),
			modified_by varchar(140),
			owner varchar(140),
			docstatus int(1) not null default '0',
			idx int(8) not null default '0',
			`disabled` int(1) not null default 0,
`reference_doctype` varchar(140),
`reference_document` varchar(140),
`submit_on_creation` int(1) not null default 0,
`start_date` date,
`end_date` date,
`frequency` varchar(140),
`repeat_on_day` int(11) not null default 0,
`repeat_on_last_day` int(1) not null default 0,
`next_schedule_date` date,
`notify_by_email` int(1) not null default 0,
`recipients` text,
`template` varchar(140),
`subject` varchar(140),
`message` text default 'Please find attached {{ doc.doctype }} #{{ doc.name }}',
`print_format` varchar(140),
`status` varchar(140),
`_user_tags` text,
`_comments` text,
`_assign` text,
`_liked_by` text,
index `next_schedule_date`(`next_schedule_date`),
index modified(modified))
			ENGINE=InnoDB
			ROW_FORMAT=DYNAMIC
			CHARACTER SET=utf8mb4
			COLLATE=utf8mb4_unicode_ci
2025-01-28 06:47:23,744 WARNING database DDL Query made to DB:
create table `tabDemo Doctype` (
			name varchar(140) primary key,
			creation datetime(6),
			modified datetime(6),
			modified_by varchar(140),
			owner varchar(140),
			docstatus int(1) not null default '0',
			idx int(8) not null default '0',
			`_user_tags` text,
`_comments` text,
`_assign` text,
`_liked_by` text,
index modified(modified))
			ENGINE=InnoDB
			ROW_FORMAT=DYNAMIC
			CHARACTER SET=utf8mb4
			COLLATE=utf8mb4_unicode_ci
2025-01-28 07:37:39,333 WARNING database DDL Query made to DB:
ALTER TABLE `tabDemo Doctype` ADD COLUMN `first_name` varchar(140)
2025-01-28 08:12:59,954 WARNING database DDL Query made to DB:
ALTER TABLE `tabDemo Doctype` ADD COLUMN `attach` text
2025-01-28 08:16:14,071 WARNING database DDL Query made to DB:
ALTER TABLE `tabDemo Doctype` ADD COLUMN `attach_image` text
2025-01-28 08:20:13,527 WARNING database DDL Query made to DB:
ALTER TABLE `tabDemo Doctype` ADD COLUMN `barcode` longtext
2025-01-28 08:23:45,021 WARNING database DDL Query made to DB:
ALTER TABLE `tabDemo Doctype` ADD COLUMN `check` int(1) not null default 0, ADD COLUMN `color` varchar(140)
2025-01-28 08:25:29,386 WARNING database DDL Query made to DB:
ALTER TABLE `tabDemo Doctype` ADD COLUMN `currency` decimal(21,9) not null default 0
2025-01-28 08:27:22,370 WARNING database DDL Query made to DB:
ALTER TABLE `tabDemo Doctype` ADD COLUMN `data` varchar(140)
2025-01-28 08:27:22,410 WARNING database DDL Query made to DB:
ALTER TABLE `tabDemo Doctype` MODIFY `currency` decimal(21,9) not null default 0
2025-01-28 08:30:13,428 WARNING database DDL Query made to DB:
ALTER TABLE `tabDemo Doctype` ADD COLUMN `date` date, ADD COLUMN `date_and_time` datetime(6)
2025-01-28 08:30:13,457 WARNING database DDL Query made to DB:
ALTER TABLE `tabDemo Doctype` MODIFY `currency` decimal(21,9) not null default 0
2025-01-28 08:32:29,393 WARNING database DDL Query made to DB:
ALTER TABLE `tabDemo Doctype` ADD COLUMN `float` decimal(21,9) not null default 0
2025-01-28 08:32:29,437 WARNING database DDL Query made to DB:
ALTER TABLE `tabDemo Doctype` MODIFY `currency` decimal(21,9) not null default 0
2025-01-28 08:34:03,806 WARNING database DDL Query made to DB:
ALTER TABLE `tabDemo Doctype` ADD COLUMN `int` int(11) not null default 0
2025-01-28 08:34:03,844 WARNING database DDL Query made to DB:
ALTER TABLE `tabDemo Doctype` MODIFY `currency` decimal(21,9) not null default 0, MODIFY `float` decimal(21,9) not null default 0
2025-01-28 09:05:42,760 WARNING database DDL Query made to DB:
ALTER TABLE `tabDemo Doctype` ADD COLUMN `link` varchar(140)
2025-01-28 09:05:42,778 WARNING database DDL Query made to DB:
ALTER TABLE `tabDemo Doctype` MODIFY `float` decimal(21,9) not null default 0, MODIFY `currency` decimal(21,9) not null default 0
2025-01-28 09:14:55,557 WARNING database DDL Query made to DB:
ALTER TABLE `tabDemo Doctype` ADD COLUMN `select` varchar(140)
2025-01-28 09:14:55,574 WARNING database DDL Query made to DB:
ALTER TABLE `tabDemo Doctype` MODIFY `currency` decimal(21,9) not null default 0, MODIFY `float` decimal(21,9) not null default 0
2025-01-28 09:17:07,501 WARNING database DDL Query made to DB:
ALTER TABLE `tabDemo Doctype` ADD COLUMN `text` text
2025-01-28 09:17:07,519 WARNING database DDL Query made to DB:
ALTER TABLE `tabDemo Doctype` MODIFY `currency` decimal(21,9) not null default 0, MODIFY `float` decimal(21,9) not null default 0
2025-01-28 09:19:13,313 WARNING database DDL Query made to DB:
ALTER TABLE `tabDemo Doctype` MODIFY `currency` decimal(21,9) not null default 0, MODIFY `float` decimal(21,9) not null default 0
2025-01-28 09:20:17,632 WARNING database DDL Query made to DB:
ALTER TABLE `tabDemo Doctype` MODIFY `float` decimal(21,9) not null default 0, MODIFY `currency` decimal(21,9) not null default 0
2025-01-28 09:23:30,235 WARNING database DDL Query made to DB:
create table `tabProperties Module` (
			name varchar(140) primary key,
			creation datetime(6),
			modified datetime(6),
			modified_by varchar(140),
			owner varchar(140),
			docstatus int(1) not null default '0',
			idx int(8) not null default '0',
			`_user_tags` text,
`_comments` text,
`_assign` text,
`_liked_by` text,
index modified(modified))
			ENGINE=InnoDB
			ROW_FORMAT=DYNAMIC
			CHARACTER SET=utf8mb4
			COLLATE=utf8mb4_unicode_ci
2025-01-28 09:25:35,329 WARNING database DDL Query made to DB:
ALTER TABLE `tabProperties Module` ADD COLUMN `first_name` varchar(140), ADD COLUMN `middle_name` varchar(140), ADD COLUMN `last_name` varchar(140)
2025-01-28 09:59:52,472 WARNING database DDL Query made to DB:
create table `tabNaming series Doc` (
			name varchar(140) primary key,
			creation datetime(6),
			modified datetime(6),
			modified_by varchar(140),
			owner varchar(140),
			docstatus int(1) not null default '0',
			idx int(8) not null default '0',
			`_user_tags` text,
`_comments` text,
`_assign` text,
`_liked_by` text,
index modified(modified))
			ENGINE=InnoDB
			ROW_FORMAT=DYNAMIC
			CHARACTER SET=utf8mb4
			COLLATE=utf8mb4_unicode_ci
2025-01-28 10:06:22,746 WARNING database DDL Query made to DB:
ALTER TABLE `tabNaming series Doc` ADD COLUMN `abc` varchar(140), ADD COLUMN `def` varchar(140), ADD COLUMN `xyz` varchar(140)
2025-01-28 10:22:12,234 WARNING database DDL Query made to DB:
create table `tabNormal Module` (
			name varchar(140) primary key,
			creation datetime(6),
			modified datetime(6),
			modified_by varchar(140),
			owner varchar(140),
			docstatus int(1) not null default '0',
			idx int(8) not null default '0',
			`_user_tags` text,
`_comments` text,
`_assign` text,
`_liked_by` text,
index modified(modified))
			ENGINE=InnoDB
			ROW_FORMAT=DYNAMIC
			CHARACTER SET=utf8mb4
			COLLATE=utf8mb4_unicode_ci
2025-01-28 10:23:42,490 WARNING database DDL Query made to DB:
ALTER TABLE `tabNormal Module` ADD COLUMN `abc` varchar(140), ADD COLUMN `cde` varchar(140)
2025-01-28 10:26:18,093 WARNING database DDL Query made to DB:
create table `tabSubmitable` (
			name varchar(140) primary key,
			creation datetime(6),
			modified datetime(6),
			modified_by varchar(140),
			owner varchar(140),
			docstatus int(1) not null default '0',
			idx int(8) not null default '0',
			`_user_tags` text,
`_comments` text,
`_assign` text,
`_liked_by` text,
index modified(modified))
			ENGINE=InnoDB
			ROW_FORMAT=DYNAMIC
			CHARACTER SET=utf8mb4
			COLLATE=utf8mb4_unicode_ci
2025-01-28 10:38:25,577 WARNING database DDL Query made to DB:
create table `tabTREE Doctype` (
			name varchar(140) primary key,
			creation datetime(6),
			modified datetime(6),
			modified_by varchar(140),
			owner varchar(140),
			docstatus int(1) not null default '0',
			idx int(8) not null default '0',
			`_user_tags` text,
`_comments` text,
`_assign` text,
`_liked_by` text,
index modified(modified))
			ENGINE=InnoDB
			ROW_FORMAT=DYNAMIC
			CHARACTER SET=utf8mb4
			COLLATE=utf8mb4_unicode_ci
2025-01-28 10:40:30,444 WARNING database DDL Query made to DB:
ALTER TABLE `tabTREE Doctype` ADD COLUMN `yyy` varchar(140), ADD COLUMN `zzz` varchar(140), ADD COLUMN `lft` int(11) not null default 0, ADD COLUMN `rgt` int(11) not null default 0, ADD COLUMN `is_group` int(1) not null default 0, ADD COLUMN `old_parent` varchar(140), ADD COLUMN `parent_tree_doctype` varchar(140)
2025-01-28 10:53:54,380 WARNING database DDL Query made to DB:
create table `tabChild Doc` (
			name varchar(140) primary key,
			creation datetime(6),
			modified datetime(6),
			modified_by varchar(140),
			owner varchar(140),
			docstatus int(1) not null default '0',
			idx int(8) not null default '0',
			`_user_tags` text,
`_comments` text,
`_assign` text,
`_liked_by` text,
index modified(modified))
			ENGINE=InnoDB
			ROW_FORMAT=DYNAMIC
			CHARACTER SET=utf8mb4
			COLLATE=utf8mb4_unicode_ci
2025-01-28 10:57:24,491 WARNING database DDL Query made to DB:
alter table `tabChild Doc` add column if not exists parent varchar(140)
2025-01-28 10:57:24,539 WARNING database DDL Query made to DB:
alter table `tabChild Doc` add column if not exists parenttype varchar(140)
2025-01-28 10:57:24,581 WARNING database DDL Query made to DB:
alter table `tabChild Doc` add column if not exists parentfield varchar(140)
2025-01-28 10:57:24,674 WARNING database DDL Query made to DB:
ALTER TABLE `tabChild Doc` ADD COLUMN `aaa` varchar(140), ADD COLUMN `bbb` varchar(140), ADD COLUMN `ccc` varchar(140)
2025-01-28 10:59:06,118 WARNING database DDL Query made to DB:
create table `tabSingal Dec` (
			name varchar(140) primary key,
			creation datetime(6),
			modified datetime(6),
			modified_by varchar(140),
			owner varchar(140),
			docstatus int(1) not null default '0',
			idx int(8) not null default '0',
			`_user_tags` text,
`_comments` text,
`_assign` text,
`_liked_by` text,
index modified(modified))
			ENGINE=InnoDB
			ROW_FORMAT=DYNAMIC
			CHARACTER SET=utf8mb4
			COLLATE=utf8mb4_unicode_ci
2025-01-28 10:59:58,769 WARNING database DDL Query made to DB:
ALTER TABLE `tabSingal Dec` ADD COLUMN `xyz` varchar(140), ADD COLUMN `yxt` varchar(140)
2025-01-29 04:25:53,333 WARNING database DDL Query made to DB:
ALTER TABLE `tabSingal Dec` ADD COLUMN `abc` varchar(140)
2025-01-29 06:21:18,095 WARNING database DDL Query made to DB:
create table `tabClient Side Scripting` (
			name varchar(140) primary key,
			creation datetime(6),
			modified datetime(6),
			modified_by varchar(140),
			owner varchar(140),
			docstatus int(1) not null default '0',
			idx int(8) not null default '0',
			`amended_from` varchar(140),
`_user_tags` text,
`_comments` text,
`_assign` text,
`_liked_by` text,
index `amended_from`(`amended_from`),
index modified(modified))
			ENGINE=InnoDB
			ROW_FORMAT=DYNAMIC
			CHARACTER SET=utf8mb4
			COLLATE=utf8mb4_unicode_ci
2025-01-29 06:31:09,825 WARNING database DDL Query made to DB:
ALTER TABLE `tabClient Side Scripting` ADD COLUMN `enable` int(1) not null default 0
2025-01-29 06:31:51,158 WARNING database DDL Query made to DB:
ALTER TABLE `tabClient Side Scripting` ADD COLUMN `first_name` varchar(140), ADD COLUMN `middle_name` varchar(140)
2025-01-29 06:33:39,695 WARNING database DDL Query made to DB:
ALTER TABLE `tabClient Side Scripting` ADD COLUMN `full_name` varchar(140)
2025-01-29 06:34:08,432 WARNING database DDL Query made to DB:
ALTER TABLE `tabClient Side Scripting` ADD COLUMN `last_name` varchar(140)
2025-01-29 06:34:08,483 WARNING database DDL Query made to DB:
ALTER TABLE `tabClient Side Scripting` ADD INDEX `last_name_index`(`last_name`)
2025-01-29 06:34:56,693 WARNING database DDL Query made to DB:
ALTER TABLE `tabClient Side Scripting` ADD COLUMN `email` varchar(140), ADD COLUMN `mobile_number` varchar(140)
2025-01-29 06:36:03,145 WARNING database DDL Query made to DB:
ALTER TABLE `tabClient Side Scripting` ADD COLUMN `dob` date, ADD COLUMN `age` int(11) not null default 0
2025-01-29 06:36:59,343 WARNING database DDL Query made to DB:
ALTER TABLE `tabClient Side Scripting` ADD COLUMN `famlly_members` varchar(140)
2025-01-29 06:39:19,484 WARNING database DDL Query made to DB:
create table `tabFamlly Members` (
			name varchar(140) primary key,
			creation datetime(6),
			modified datetime(6),
			modified_by varchar(140),
			owner varchar(140),
			docstatus int(1) not null default '0',
			idx int(8) not null default '0',
			parent varchar(140),
parentfield varchar(140),
parenttype varchar(140),
index parent(parent))
			ENGINE=InnoDB
			ROW_FORMAT=DYNAMIC
			CHARACTER SET=utf8mb4
			COLLATE=utf8mb4_unicode_ci
2025-01-29 06:40:35,144 WARNING database DDL Query made to DB:
alter table `tabFamlly Members` add column if not exists parent varchar(140)
2025-01-29 06:40:35,145 WARNING database DDL Query made to DB:
alter table `tabFamlly Members` add column if not exists parenttype varchar(140)
2025-01-29 06:40:35,146 WARNING database DDL Query made to DB:
alter table `tabFamlly Members` add column if not exists parentfield varchar(140)
2025-01-29 06:40:35,269 WARNING database DDL Query made to DB:
ALTER TABLE `tabFamlly Members` ADD COLUMN `name1` varchar(140), ADD COLUMN `relation` varchar(140), ADD COLUMN `age` int(11) not null default 0
2025-01-29 06:42:15,111 WARNING database DDL Query made to DB:
alter table `tabFamlly Members` add column if not exists parent varchar(140)
2025-01-29 06:42:15,112 WARNING database DDL Query made to DB:
alter table `tabFamlly Members` add column if not exists parenttype varchar(140)
2025-01-29 06:42:15,114 WARNING database DDL Query made to DB:
alter table `tabFamlly Members` add column if not exists parentfield varchar(140)
2025-01-29 06:43:34,017 WARNING database DDL Query made to DB:
alter table `tabFamlly Members` add column if not exists parent varchar(140)
2025-01-29 06:43:34,019 WARNING database DDL Query made to DB:
alter table `tabFamlly Members` add column if not exists parenttype varchar(140)
2025-01-29 06:43:34,019 WARNING database DDL Query made to DB:
alter table `tabFamlly Members` add column if not exists parentfield varchar(140)
2025-01-30 09:23:18,956 WARNING database DDL Query made to DB:
ALTER TABLE `tabClient Side Scripting` ADD COLUMN `fast_name` varchar(140)
2025-01-30 09:38:19,097 WARNING database DDL Query made to DB:
ALTER TABLE `tabClient Side Scripting` ADD INDEX `first_name_index`(`first_name`)
2025-01-30 09:39:49,279 WARNING database DDL Query made to DB:
ALTER TABLE `tabClient Side Scripting` ADD COLUMN `laste_name` varchar(140)
2025-01-30 09:44:08,358 WARNING database DDL Query made to DB:
ALTER TABLE `tabClient Side Scripting` ADD INDEX `email_index`(`email`)
2025-01-30 09:54:29,173 WARNING database DDL Query made to DB:
create table `tabFamally Members` (
			name varchar(140) primary key,
			creation datetime(6),
			modified datetime(6),
			modified_by varchar(140),
			owner varchar(140),
			docstatus int(1) not null default '0',
			idx int(8) not null default '0',
			`_user_tags` text,
`_comments` text,
`_assign` text,
`_liked_by` text,
index modified(modified))
			ENGINE=InnoDB
			ROW_FORMAT=DYNAMIC
			CHARACTER SET=utf8mb4
			COLLATE=utf8mb4_unicode_ci
2025-01-30 10:15:21,023 WARNING database DDL Query made to DB:
create table `tabDhruv` (
			name varchar(140) primary key,
			creation datetime(6),
			modified datetime(6),
			modified_by varchar(140),
			owner varchar(140),
			docstatus int(1) not null default '0',
			idx int(8) not null default '0',
			`_user_tags` text,
`_comments` text,
`_assign` text,
`_liked_by` text,
index modified(modified))
			ENGINE=InnoDB
			ROW_FORMAT=DYNAMIC
			CHARACTER SET=utf8mb4
			COLLATE=utf8mb4_unicode_ci
2025-01-30 10:24:35,891 WARNING database DDL Query made to DB:
alter table `tabDocType` add column if not exists migration_hash varchar(140)
2025-01-30 10:24:36,904 WARNING database DDL Query made to DB:
ALTER TABLE `tabPrint Heading` DROP INDEX `print_heading`
2025-01-30 10:24:37,946 WARNING database DDL Query made to DB:
ALTER TABLE `tabPrint Heading` ADD UNIQUE INDEX IF NOT EXISTS print_heading (`print_heading`)
2025-01-30 10:24:39,211 WARNING database DDL Query made to DB:
ALTER TABLE `tabDemo Doctype` MODIFY `float` decimal(21,9) not null default 0, MODIFY `currency` decimal(21,9) not null default 0
2025-01-30 10:26:24,442 WARNING database DDL Query made to DB:
alter table `tabDocType` add column if not exists migration_hash varchar(140)
2025-01-30 10:26:25,244 WARNING database DDL Query made to DB:
ALTER TABLE `tabPrint Heading` DROP INDEX `print_heading`
2025-01-30 10:26:26,001 WARNING database DDL Query made to DB:
ALTER TABLE `tabPrint Heading` ADD UNIQUE INDEX IF NOT EXISTS print_heading (`print_heading`)
2025-01-30 10:28:10,120 WARNING database DDL Query made to DB:
alter table `tabDocType` add column if not exists migration_hash varchar(140)
2025-01-30 10:28:10,975 WARNING database DDL Query made to DB:
ALTER TABLE `tabPrint Heading` DROP INDEX `print_heading`
2025-01-30 10:28:11,981 WARNING database DDL Query made to DB:
ALTER TABLE `tabPrint Heading` ADD UNIQUE INDEX IF NOT EXISTS print_heading (`print_heading`)
2025-01-30 10:42:49,868 WARNING database DDL Query made to DB:
alter table `tabClient Side Scripting` add column if not exists parent varchar(140)
2025-01-30 10:42:49,896 WARNING database DDL Query made to DB:
alter table `tabClient Side Scripting` add column if not exists parenttype varchar(140)
2025-01-30 10:42:49,927 WARNING database DDL Query made to DB:
alter table `tabClient Side Scripting` add column if not exists parentfield varchar(140)
2025-01-30 10:42:50,014 WARNING database DDL Query made to DB:
ALTER TABLE `tabClient Side Scripting` DROP INDEX `first_name_index`, DROP INDEX `email_index`
2025-01-30 10:45:15,043 WARNING database DDL Query made to DB:
alter table `tabClient Side Scripting` add column if not exists parent varchar(140)
2025-01-30 10:45:15,044 WARNING database DDL Query made to DB:
alter table `tabClient Side Scripting` add column if not exists parenttype varchar(140)
2025-01-30 10:45:15,045 WARNING database DDL Query made to DB:
alter table `tabClient Side Scripting` add column if not exists parentfield varchar(140)
2025-01-30 10:46:57,752 WARNING database DDL Query made to DB:
ALTER TABLE `tabFamlly Members` ADD COLUMN `_user_tags` text, ADD COLUMN `_comments` text, ADD COLUMN `_assign` text, ADD COLUMN `_liked_by` text
2025-01-30 10:53:24,034 WARNING database DDL Query made to DB:
alter table `tabFamlly Members` add column if not exists parent varchar(140)
2025-01-30 10:53:24,036 WARNING database DDL Query made to DB:
alter table `tabFamlly Members` add column if not exists parenttype varchar(140)
2025-01-30 10:53:24,037 WARNING database DDL Query made to DB:
alter table `tabFamlly Members` add column if not exists parentfield varchar(140)
2025-01-30 10:53:24,178 WARNING database DDL Query made to DB:
ALTER TABLE `tabFamlly Members` ADD COLUMN `amended_from` varchar(140)
2025-01-30 10:53:24,229 WARNING database DDL Query made to DB:
ALTER TABLE `tabFamlly Members` ADD INDEX `amended_from_index`(`amended_from`)
2025-01-30 10:54:48,206 WARNING database DDL Query made to DB:
alter table `tabFamlly Members` add column if not exists parent varchar(140)
2025-01-30 10:54:48,208 WARNING database DDL Query made to DB:
alter table `tabFamlly Members` add column if not exists parenttype varchar(140)
2025-01-30 10:54:48,209 WARNING database DDL Query made to DB:
alter table `tabFamlly Members` add column if not exists parentfield varchar(140)
2025-01-30 10:54:48,349 WARNING database DDL Query made to DB:
ALTER TABLE `tabFamlly Members` ADD INDEX `relation_index`(`relation`)
2025-01-30 10:55:43,810 WARNING database DDL Query made to DB:
alter table `tabFamlly Members` add column if not exists parent varchar(140)
2025-01-30 10:55:43,811 WARNING database DDL Query made to DB:
alter table `tabFamlly Members` add column if not exists parenttype varchar(140)
2025-01-30 10:55:43,812 WARNING database DDL Query made to DB:
alter table `tabFamlly Members` add column if not exists parentfield varchar(140)
2025-01-30 10:56:15,363 WARNING database DDL Query made to DB:
alter table `tabClient Side Scripting` add column if not exists parent varchar(140)
2025-01-30 10:56:15,365 WARNING database DDL Query made to DB:
alter table `tabClient Side Scripting` add column if not exists parenttype varchar(140)
2025-01-30 10:56:15,366 WARNING database DDL Query made to DB:
alter table `tabClient Side Scripting` add column if not exists parentfield varchar(140)
2025-01-30 10:57:15,863 WARNING database DDL Query made to DB:
alter table `tabFamlly Members` add column if not exists parent varchar(140)
2025-01-30 10:57:15,864 WARNING database DDL Query made to DB:
alter table `tabFamlly Members` add column if not exists parenttype varchar(140)
2025-01-30 10:57:15,866 WARNING database DDL Query made to DB:
alter table `tabFamlly Members` add column if not exists parentfield varchar(140)
2025-01-30 11:07:18,823 WARNING database DDL Query made to DB:
alter table `tabClient Side Scripting` add column if not exists parent varchar(140)
2025-01-30 11:07:18,827 WARNING database DDL Query made to DB:
alter table `tabClient Side Scripting` add column if not exists parenttype varchar(140)
2025-01-30 11:07:18,829 WARNING database DDL Query made to DB:
alter table `tabClient Side Scripting` add column if not exists parentfield varchar(140)
2025-01-31 09:08:17,217 WARNING database DDL Query made to DB:
create table `tabServer side scripting` (
			name varchar(140) primary key,
			creation datetime(6),
			modified datetime(6),
			modified_by varchar(140),
			owner varchar(140),
			docstatus int(1) not null default '0',
			idx int(8) not null default '0',
			`enable` int(1) not null default 0,
`first_name` varchar(140),
`middle_name` varchar(140),
`laste_name` varchar(140),
`full_name` varchar(140),
`email` varchar(140),
`mobile_number` varchar(140),
`dob` date,
`age` int(11) not null default 0,
`amended_from` varchar(140),
`_user_tags` text,
`_comments` text,
`_assign` text,
`_liked_by` text,
index `amended_from`(`amended_from`),
index modified(modified))
			ENGINE=InnoDB
			ROW_FORMAT=DYNAMIC
			CHARACTER SET=utf8mb4
			COLLATE=utf8mb4_unicode_ci
2025-01-31 10:42:12,149 WARNING database DDL Query made to DB:
alter table `tabDocType` add column if not exists migration_hash varchar(140)
2025-01-31 10:42:13,409 WARNING database DDL Query made to DB:
ALTER TABLE `tabPrint Heading` DROP INDEX `print_heading`
2025-01-31 10:42:14,574 WARNING database DDL Query made to DB:
ALTER TABLE `tabPrint Heading` ADD UNIQUE INDEX IF NOT EXISTS print_heading (`print_heading`)
2025-02-04 05:19:45,931 WARNING database DDL Query made to DB:
alter table `tabFamlly Members` add column if not exists parent varchar(140)
2025-02-04 05:19:45,947 WARNING database DDL Query made to DB:
alter table `tabFamlly Members` add column if not exists parenttype varchar(140)
2025-02-04 05:19:45,948 WARNING database DDL Query made to DB:
alter table `tabFamlly Members` add column if not exists parentfield varchar(140)
2025-02-04 05:19:46,047 WARNING database DDL Query made to DB:
ALTER TABLE `tabFamlly Members` ADD COLUMN `attach_bysg` text
2025-02-07 04:24:49,957 WARNING database DDL Query made to DB:
create table `tabone` (
			name varchar(140) primary key,
			creation datetime(6),
			modified datetime(6),
			modified_by varchar(140),
			owner varchar(140),
			docstatus int(1) not null default '0',
			idx int(8) not null default '0',
			`amended_from` varchar(140),
`_user_tags` text,
`_comments` text,
`_assign` text,
`_liked_by` text,
index `amended_from`(`amended_from`),
index modified(modified))
			ENGINE=InnoDB
			ROW_FORMAT=DYNAMIC
			CHARACTER SET=utf8mb4
			COLLATE=utf8mb4_unicode_ci
2025-02-07 13:26:56,103 WARNING database DDL Query made to DB:
alter table `tabServer side scripting` add column if not exists parent varchar(140)
2025-02-07 13:26:56,131 WARNING database DDL Query made to DB:
alter table `tabServer side scripting` add column if not exists parenttype varchar(140)
2025-02-07 13:26:56,157 WARNING database DDL Query made to DB:
alter table `tabServer side scripting` add column if not exists parentfield varchar(140)
2025-02-10 05:45:06,965 WARNING database DDL Query made to DB:
alter table `tabServer side scripting` add column if not exists parent varchar(140)
2025-02-10 05:45:06,969 WARNING database DDL Query made to DB:
alter table `tabServer side scripting` add column if not exists parenttype varchar(140)
2025-02-10 05:45:06,969 WARNING database DDL Query made to DB:
alter table `tabServer side scripting` add column if not exists parentfield varchar(140)
